0 info it worked if it ends with ok
1 verbose cli [ '/usr/local/Cellar/node/6.5.0/bin/node',
1 verbose cli   '/usr/local/bin/npm',
1 verbose cli   'publish' ]
2 info using npm@3.10.6
3 info using node@v6.5.0
4 verbose publish [ '.' ]
5 silly cache add args [ '.', null ]
6 verbose cache add spec .
7 silly cache add parsed spec Result {
7 silly cache add   raw: '.',
7 silly cache add   scope: null,
7 silly cache add   escapedName: null,
7 silly cache add   name: null,
7 silly cache add   rawSpec: '.',
7 silly cache add   spec: '/Users/matthias/work/projects/opensource/indoqa-react-app',
7 silly cache add   type: 'directory' }
8 verbose addLocalDirectory /Users/matthias/.npm/indoqa-react-app/0.1.1/package.tgz not in flight; packing
9 verbose correctMkdir /Users/matthias/.npm correctMkdir not in flight; initializing
10 info lifecycle indoqa-react-app@0.1.1~prepublish: indoqa-react-app@0.1.1
11 verbose lifecycle indoqa-react-app@0.1.1~prepublish: unsafe-perm in lifecycle true
12 verbose lifecycle indoqa-react-app@0.1.1~prepublish: PATH: /usr/local/lib/node_modules/npm/bin/node-gyp-bin:/Users/matthias/work/projects/opensource/indoqa-react-app/node_modules/.bin:/usr/local/Cellar/node/6.5.0/bin:/usr/bin:/bin:/usr/sbin:/sbin:/usr/local/bin:/opt/X11/bin:/usr/local/git/bin:/usr/local/go/bin:/Users/matthias/bin
13 verbose lifecycle indoqa-react-app@0.1.1~prepublish: CWD: /Users/matthias/work/projects/opensource/indoqa-react-app
14 silly lifecycle indoqa-react-app@0.1.1~prepublish: Args: [ '-c', 'npm run dist' ]
15 silly lifecycle indoqa-react-app@0.1.1~prepublish: Returned: code: 0  signal: null
16 verbose tar pack [ '/Users/matthias/.npm/indoqa-react-app/0.1.1/package.tgz',
16 verbose tar pack   '/Users/matthias/work/projects/opensource/indoqa-react-app' ]
17 verbose tarball /Users/matthias/.npm/indoqa-react-app/0.1.1/package.tgz
18 verbose folder /Users/matthias/work/projects/opensource/indoqa-react-app
19 verbose addLocalTarball adding from inside cache /Users/matthias/.npm/indoqa-react-app/0.1.1/package.tgz
20 verbose correctMkdir /Users/matthias/.npm correctMkdir not in flight; initializing
21 silly cache afterAdd indoqa-react-app@0.1.1
22 verbose afterAdd /Users/matthias/.npm/indoqa-react-app/0.1.1/package/package.json not in flight; writing
23 verbose correctMkdir /Users/matthias/.npm correctMkdir not in flight; initializing
24 verbose afterAdd /Users/matthias/.npm/indoqa-react-app/0.1.1/package/package.json written
25 silly publish { name: 'indoqa-react-app',
25 silly publish   version: '0.1.1',
25 silly publish   main: './dist/IndoqaReactApp.min.js',
25 silly publish   scripts:
25 silly publish    { start: 'node ./src/dev/server.js',
25 silly publish      dist: 'indoqa-webpack ./indoqa-webpack-options.js',
25 silly publish      prepublish: 'npm run dist',
25 silly publish      test: 'echo "Error: no test specified" && exit 1' },
25 silly publish   repository:
25 silly publish    { type: 'git',
25 silly publish      url: 'git+https://github.com/Indoqa/indoqa-react-app.git' },
25 silly publish   publishConfig: { registry: 'https://registry.npmjs.org/.' },
25 silly publish   keywords: [ 'redux', 'store', 'indpqa', 'middleware' ],
25 silly publish   author:
25 silly publish    { name: 'Indoqa Software Design und Beratung GmbH',
25 silly publish      url: 'https://www.indoqa.com' },
25 silly publish   license: 'Apache-2.0',
25 silly publish   bugs: { url: 'https://github.com/Indoqa/indoqa-react-app/issues' },
25 silly publish   homepage: 'https://github.com/Indoqa/indoqa-react-app#readme',
25 silly publish   peerDependencies:
25 silly publish    { 'react-redux': '^4.4.5',
25 silly publish      'react-router': '^2.8.1',
25 silly publish      redux: '^3.6.0',
25 silly publish      'redux-logger': '^2.6.1',
25 silly publish      'redux-multi': '^0.1.12',
25 silly publish      'redux-promise-middleware': '^4.0.0' },
25 silly publish   dependencies:
25 silly publish    { 'react-redux': '^4.4.5',
25 silly publish      'react-router': '^2.8.1',
25 silly publish      redux: '^3.6.0',
25 silly publish      'redux-logger': '^2.6.1',
25 silly publish      'redux-multi': '^0.1.12',
25 silly publish      'redux-promise-middleware': '^4.0.0' },
25 silly publish   devDependencies: { 'indoqa-webpack': '^0.6.5' },
25 silly publish   readme: '# Indoqa React Application\nA higher level component that provides a ready-to-use setup of redux and react-router. \n\n## Motivation\n\n\n\n## Features\n\n  * Hot Reloading\n  * Redux Middlewares\n    * [react-promise-middleware](https://github.com/pburtchaell/redux-promise-middleware)\n    * [react-multi](https://github.com/ashaffer/redux-multi)\n    * Dependency injection\n  * Redux Dev Tools\n    * [redux-devtools-extension](https://github.com/zalmoxisus/redux-devtools-extension)\n    * [redux-logger](https://github.com/evgenyrodionov/redux-logger)\n  * React Router \n    \n## Configuration\n\n\n    \n## Usage\n\nList all reducers and expose them in a separate \'reducer.js\' module file. \n```javascript\nimport reducerFoo from \'./path/to/reducer/foo\'\nimport reducerBar from \'./path/to/reducer/bar\'\n\nexport default {\n  reducerFoo,\n  reducerBar\n}\n```\n\nDefine routes in \'routes.js\'.\n```javascript\nimport React from \'react\'\nimport {IndexRoute, Route} from \'react-router\'\nimport App from \'./path/to/app\'\nimport FooPage from \'./path/to/FooPage\'\nimport BarPage from \'./path/to/BarPage\'\n\nexport default (\n  <Route component={App} path="/">\n    <IndexRoute component={FooPage} />\n    <Route component={BarPage} path="/bar" />\n  </Route>\n)\n```\n\nFinally, render the app in the main \'index.js\'\n```javascript\nimport React from \'react\'\nimport {render} from \'react-dom\'\nimport IndoqaApplication from \'indoqa-react-app\'\nimport routes from \'./routes\'\n\nrender(\n  <IndoqaApplication pathToReducers={\'./reducers\'} routes={routes} />,\n  document.getElementById(\'app\')\n)\n```\n    \n',
25 silly publish   readmeFilename: 'README.md',
25 silly publish   gitHead: 'f27bb3632ab7acdce49e6512c1fce0624fe85e6f',
25 silly publish   description: 'A higher level component that provides a ready-to-use setup of redux and react-router.',
25 silly publish   _id: 'indoqa-react-app@0.1.1',
25 silly publish   _shasum: '49c7b3a4ec2c5b23c8e14676ec67852dcc8f1dcf',
25 silly publish   _from: '.' }
26 verbose getPublishConfig { registry: 'https://registry.npmjs.org/.' }
27 silly mapToRegistry name indoqa-react-app
28 silly mapToRegistry using default registry
29 silly mapToRegistry registry https://registry.npmjs.org/.
30 silly mapToRegistry data Result {
30 silly mapToRegistry   raw: 'indoqa-react-app',
30 silly mapToRegistry   scope: null,
30 silly mapToRegistry   escapedName: 'indoqa-react-app',
30 silly mapToRegistry   name: 'indoqa-react-app',
30 silly mapToRegistry   rawSpec: '',
30 silly mapToRegistry   spec: 'latest',
30 silly mapToRegistry   type: 'tag' }
31 silly mapToRegistry uri https://registry.npmjs.org/indoqa-react-app
32 verbose publish registryBase https://registry.npmjs.org/./
33 silly publish uploading /Users/matthias/.npm/indoqa-react-app/0.1.1/package.tgz
34 verbose request uri https://registry.npmjs.org/indoqa-react-app
35 verbose request always-auth set; sending authorization
36 info attempt registry request try #1 at 21:52:59
37 verbose request using bearer token for auth
38 verbose request id 79b683c37ada74e5
39 http request PUT https://registry.npmjs.org/indoqa-react-app
40 http 403 https://registry.npmjs.org/indoqa-react-app
41 verbose headers { 'content-type': 'application/json',
41 verbose headers   'cache-control': 'max-age=300',
41 verbose headers   'content-length': '95',
41 verbose headers   'accept-ranges': 'bytes',
41 verbose headers   date: 'Sun, 25 Sep 2016 19:53:01 GMT',
41 verbose headers   via: '1.1 varnish',
41 verbose headers   connection: 'keep-alive',
41 verbose headers   'x-served-by': 'cache-fra1236-FRA',
41 verbose headers   'x-cache': 'MISS',
41 verbose headers   'x-cache-hits': '0',
41 verbose headers   'x-timer': 'S1474833180.202313,VS0,VE1358',
41 verbose headers   vary: 'Accept-Encoding' }
42 verbose request invalidating /Users/matthias/.npm/registry.npmjs.org/indoqa-react-app on PUT
43 error publish Failed PUT 403
44 verbose stack Error: "You cannot publish over the previously published version 0.1.1." : indoqa-react-app
44 verbose stack     at makeError (/usr/local/lib/node_modules/npm/node_modules/npm-registry-client/lib/request.js:264:12)
44 verbose stack     at CachingRegistryClient.<anonymous> (/usr/local/lib/node_modules/npm/node_modules/npm-registry-client/lib/request.js:252:14)
44 verbose stack     at Request._callback (/usr/local/lib/node_modules/npm/node_modules/npm-registry-client/lib/request.js:172:14)
44 verbose stack     at Request.self.callback (/usr/local/lib/node_modules/npm/node_modules/request/request.js:200:22)
44 verbose stack     at emitTwo (events.js:106:13)
44 verbose stack     at Request.emit (events.js:191:7)
44 verbose stack     at Request.<anonymous> (/usr/local/lib/node_modules/npm/node_modules/request/request.js:1067:10)
44 verbose stack     at emitOne (events.js:101:20)
44 verbose stack     at Request.emit (events.js:188:7)
44 verbose stack     at IncomingMessage.<anonymous> (/usr/local/lib/node_modules/npm/node_modules/request/request.js:988:12)
45 verbose statusCode 403
46 verbose pkgid indoqa-react-app
47 verbose cwd /Users/matthias/work/projects/opensource/indoqa-react-app
48 error Darwin 15.6.0
49 error argv "/usr/local/Cellar/node/6.5.0/bin/node" "/usr/local/bin/npm" "publish"
50 error node v6.5.0
51 error npm  v3.10.6
52 error code E403
53 error "You cannot publish over the previously published version 0.1.1." : indoqa-react-app
54 error If you need help, you may report this error at:
54 error     <https://github.com/npm/npm/issues>
55 verbose exit [ 1, true ]
